"../../../Engine/Content/Animation/DefaultAnimCurveCompressionSettings.uasset" 0
"../../../Engine/Content/Functions/Engine_MaterialFunctions01/Opacity/CameraDepthFade.uasset" 1
"../../../Engine/Content/EngineMaterials/T_Default_Material_Grid_M.uasset" 2
"../../../Engine/Content/EngineMaterials/T_Default_Material_Grid_N.uasset" 3
"../../../Engine/Content/EngineMaterials/WorldGridMaterial.uasset" 4
"../../../Engine/Content/ArtTools/RenderToTexture/Meshes/S_1_Unit_Plane.uasset" 5
"../../../Engine/Content/EngineMaterials/DefaultMaterial.uasset" 6
"../../../Engine/Content/BasicShapes/Cone.uasset" 7
"../../../Engine/Content/BasicShapes/Cube.uasset" 8
"../../../Engine/Content/BasicShapes/Cylinder.uasset" 9
"../../../Engine/Content/BasicShapes/Plane.uasset" 10
"../../../Engine/Content/BasicShapes/Sphere.uasset" 11
"../../../Engine/Content/EditorLandscapeResources/DataLayer.uasset" 12
"../../../Engine/Content/EditorMaterials/MAT_Groups_Toggle.uasset" 13
"../../../Engine/Content/EditorMaterials/MAT_Groups_Visibility.uasset" 14
"../../../Engine/Content/EditorMaterials/PreviewShadowIndicator.uasset" 15
"../../../Engine/Content/EditorMaterials/PreviewShadowIndicatorMaterial.uasset" 16
"../../../Engine/Content/EditorMaterials/MatineeGroups/MAT_ColorTrack.uasset" 17
"../../../Engine/Content/EditorMaterials/MatineeGroups/MAT_Groups_Anim.uasset" 18
"../../../Engine/Content/EditorMaterials/MatineeGroups/MAT_Groups_AudioMaster.uasset" 19
"../../../Engine/Content/EditorMaterials/MatineeGroups/MAT_Groups_Director.uasset" 20
"../../../Engine/Content/EditorMaterials/MatineeGroups/MAT_Groups_Event.uasset" 21
"../../../Engine/Content/EditorMaterials/MatineeGroups/MAT_Groups_Fade.uasset" 22
"../../../Engine/Content/EditorMaterials/MatineeGroups/MAT_Groups_Float.uasset" 23
"../../../Engine/Content/EditorMaterials/MatineeGroups/MAT_Groups_Move.uasset" 24
"../../../Engine/Content/EditorMaterials/MatineeGroups/MAT_Groups_Slomo.uasset" 25
"../../../Engine/Content/EditorMaterials/MatineeGroups/MAT_Groups_Sound.uasset" 26
"../../../Engine/Content/EditorMaterials/MatineeGroups/MAT_Groups_Vector.uasset" 27
"../../../Engine/Content/EditorMaterials/ParticleSystems/PSysThumbnail_NoImage.uasset" 28
"../../../Engine/Content/EditorMaterials/ParticleSystems/PSysThumbnail_OOD.uasset" 29
"../../../Engine/Content/EditorMaterials/Camera/CineMat.uasset" 30
"../../../Engine/Content/EditorMaterials/Camera/MI_CineMat_Rig.uasset" 31
"../../../Engine/Content/EditorMeshes/Camera/SM_CraneRig_Arm.uasset" 32
"../../../Engine/Content/EditorMeshes/Camera/SM_CraneRig_Base.uasset" 33
"../../../Engine/Content/EditorMeshes/Camera/SM_CraneRig_Body.uasset" 34
"../../../Engine/Content/EditorMeshes/Camera/SM_CraneRig_Mount.uasset" 35
"../../../Engine/Content/EditorMeshes/Camera/SM_RailRig_Mount.uasset" 36
"../../../Engine/Content/EditorMeshes/Camera/SM_RailRig_Track.uasset" 37
"../../../Engine/Content/EditorResources/BSPVertex.uasset" 38
"../../../Engine/Content/EditorResources/EmptyActor.uasset" 39
"../../../Engine/Content/EditorResources/S_Actor.uasset" 40
"../../../Engine/Content/EditorResources/S_Note.uasset" 41
"../../../Engine/Content/EditorResources/S_Solver.uasset" 42
"../../../Engine/Content/EditorResources/S_Trigger.uasset" 43
"../../../Engine/Content/EditorResources/SequenceRecorder/Countdown.uasset" 44
"../../../Engine/Content/EditorResources/SequenceRecorder/RecordingIndicator.uasset" 45
"../../../Engine/Content/EditorSounds/Notifications/CompileFailed.uasset" 46
"../../../Engine/Content/EditorSounds/Notifications/CompileFailed_Cue.uasset" 47
"../../../Engine/Content/EditorSounds/Notifications/CompileSuccess.uasset" 48
"../../../Engine/Content/EditorSounds/Notifications/CompileStart_Cue.uasset" 49
"../../../Engine/Content/EditorSounds/Notifications/CompileSuccess_Cue.uasset" 50
"../../../Engine/Content/EngineDamageTypes/DmgTypeBP_Environmental.uasset" 51
"../../../Engine/Content/EngineDebugMaterials/DebugEditorMaterial.uasset" 52
"../../../Engine/Content/EngineDebugMaterials/DebugMeshMaterial.uasset" 53
"../../../Engine/Content/EngineDebugMaterials/M_SimpleUnlitTranslucent.uasset" 54
"../../../Engine/Content/Functions/Engine_MaterialFunctions02/Utility/CameraDirectionVector.uasset" 55
"../../../Engine/Content/EngineDebugMaterials/VolumeToRender.uasset" 56
"../../../Engine/Content/EngineDebugMaterials/M_VolumeRenderSphereTracePP.uasset" 57
"../../../Engine/Content/EngineDebugMaterials/WireframeMaterial.uasset" 58
"../../../Engine/Content/EngineFonts/Faces/DroidSansFallback.uasset" 59
"../../../Engine/Content/EngineFonts/Faces/RobotoBold.uasset" 60
"../../../Engine/Content/EngineFonts/Faces/RobotoBoldItalic.uasset" 61
"../../../Engine/Content/EngineFonts/Faces/RobotoItalic.uasset" 62
"../../../Engine/Content/EngineFonts/Faces/RobotoLight.uasset" 63
"../../../Engine/Content/EngineFonts/Faces/RobotoRegular.uasset" 64
"../../../Engine/Content/EngineFonts/Roboto.uasset" 65
"../../../Engine/Content/EngineMaterials/BaseFlattenDiffuseMap.uasset" 66
"../../../Engine/Content/EngineMaterials/BaseFlattenEmissiveMap.uasset" 67
"../../../Engine/Content/EngineMaterials/BaseFlattenGrayscaleMap.uasset" 68
"../../../Engine/Content/EngineMaterials/BaseFlattenNormalMap.uasset" 69
"../../../Engine/Content/EngineMaterials/BaseFlattenMaterial.uasset" 70
"../../../Engine/Content/EngineMaterials/BlueNoise.uasset" 71
"../../../Engine/Content/EngineMaterials/DefaultBloomKernel.uasset" 72
"../../../Engine/Content/EngineMaterials/DefaultBokeh.uasset" 73
"../../../Engine/Content/EngineMaterials/DefaultDiffuse.uasset" 74
"../../../Engine/Content/EngineMaterials/DefaultDeferredDecalMaterial.uasset" 75
"../../../Engine/Content/EngineMaterials/DefaultLightFunctionMaterial.uasset" 76
"../../../Engine/Content/EngineMaterials/DefaultPhysicalMaterial.uasset" 77
"../../../Engine/Content/Functions/Engine_MaterialFunctions02/Utility/BreakOutFloat2Components.uasset" 78
"../../../Engine/Content/EngineMaterials/DefaultPostProcessMaterial.uasset" 79
"../../../Engine/Content/EngineFonts/RobotoDistanceField.uasset" 80
"../../../Engine/Content/EngineMaterials/DefaultTextMaterialOpaque.uasset" 81
"../../../Engine/Content/EngineMaterials/DefaultWhiteGrid.uasset" 82
"../../../Engine/Content/EngineMaterials/DefaultWhiteGrid_Low.uasset" 83
"../../../Engine/Content/EngineMaterials/EmissiveMeshMaterial.uasset" 84
"../../../Engine/Content/EngineMaterials/GizmoMaterial.uasset" 85
"../../../Engine/Content/EngineMaterials/InvalidLightmapSettings.uasset" 86
"../../../Engine/Content/EngineMaterials/M_InvalidLightmapSettings.uasset" 87
"../../../Engine/Content/EngineMaterials/MiniFont.uasset" 88
"../../../Engine/Content/Functions/Engine_MaterialFunctions02/WorldPositionOffset/CameraOffset.uasset" 89
"../../../Engine/Content/EngineMaterials/PhAT_JointLimitMaterial.uasset" 90
"../../../Engine/Content/EngineMaterials/PreintegratedSkinBRDF.uasset" 91
"../../../Engine/Content/EngineMaterials/RemoveSurfaceMaterial.uasset" 92
"../../../Engine/Content/EngineMaterials/WeightMapPlaceholderTexture.uasset" 93
"../../../Engine/Content/EngineResources/WhiteSquareTexture.uasset" 94
"../../../Engine/Content/EngineMaterials/Widget3DPassThrough.uasset" 95
"../../../Engine/Content/EngineMaterials/Widget3DPassThrough_Masked.uasset" 96
"../../../Engine/Content/EngineMaterials/Widget3DPassThrough_Opaque.uasset" 97
"../../../Engine/Content/EngineMaterials/Widget3DPassThrough_Masked_OneSided.uasset" 98
"../../../Engine/Content/EngineMaterials/Widget3DPassThrough_Opaque_OneSided.uasset" 99
"../../../Engine/Content/EngineMaterials/Widget3DPassThrough_Translucent.uasset" 100
"../../../Engine/Content/EngineMaterials/Widget3DPassThrough_Translucent_OneSided.uasset" 101
"../../../Engine/Content/EngineMeshes/Cylinder.uasset" 102
"../../../Engine/Content/EngineMeshes/Sphere.uasset" 103
"../../../Engine/Content/EngineResources/Black.uasset" 104
"../../../Engine/Content/EngineResources/DefaultTextureCube.uasset" 105
"../../../Engine/Content/EngineResources/DefaultVolumeTexture2D.uasset" 106
"../../../Engine/Content/EngineResources/DefaultVolumeTexture.uasset" 107
"../../../Engine/Content/EngineResources/GradientTexture0.uasset" 108
"../../../Engine/Content/EngineSounds/Master.uasset" 109
"../../../Engine/Content/Functions/Engine_MaterialFunctions01/Shading/ConvertFromDiffSpec.uasset" 110
"../../../Engine/Content/Functions/Engine_MaterialFunctions01/Shading/PowerToRoughness.uasset" 111
"../../../Engine/Content/Maps/Templates/Thumbnails/Default.uasset" 112
"../../../Engine/Content/Maps/Templates/Thumbnails/TimeOfDay.uasset" 113
"../../../Engine/Content/Maps/Templates/Thumbnails/VR-Basic.uasset" 114
"../../../Engine/Content/MobileResources/T_MobileControls_texture.uasset" 115
"../../../Engine/Content/MobileResources/T_MobileMenu2.uasset" 116
"../../../Engine/Content/MobileResources/HUD/AnalogHat.uasset" 117
"../../../Engine/Content/MobileResources/HUD/VirtualJoystick_Background.uasset" 118
"../../../Engine/Content/MobileResources/HUD/VirtualJoystick_Thumb.uasset" 119
"../../../Engine/Content/MobileResources/HUD/DefaultVirtualJoysticks.uasset" 120
"../../../Engine/Content/MobileResources/HUD/LeftVirtualJoystickOnly.uasset" 121
"../../../Engine/Content/MobileResources/HUD/MobileHUDButton1_off.uasset" 122
"../../../Engine/Content/MobileResources/HUD/MobileHUDButton1_on.uasset" 123
"../../../Engine/Content/MobileResources/HUD/MobileHUDButton2_off.uasset" 124
"../../../Engine/Content/MobileResources/HUD/MobileHUDButton2_on.uasset" 125
"../../../Engine/Content/MobileResources/HUD/MobileHUDButton3.uasset" 126
"../../../Engine/Content/MobileResources/HUD/MobileHUDButtonFire.uasset" 127
"../../../Engine/Content/MobileResources/HUD/MobileHUDDirectionPad.uasset" 128
"../../../Engine/Content/MobileResources/HUD/MobileHUDDirectionPad2.uasset" 129
"../../../Engine/Content/MobileResources/HUD/MobileHUDDirectionPad3.uasset" 130
"../../../Engine/Content/MobileResources/HUD/MobileHUDDirectionStick.uasset" 131
"../../../Engine/Content/MobileResources/HUD/T_Castle_ThumbstickInner.uasset" 132
"../../../Engine/Content/MobileResources/HUD/T_Castle_ThumbstickOutter.uasset" 133
"../../../Engine/Content/Tutorial/ContentIntroCurve.uasset" 134
"../../../Engine/Content/Tutorial/Basics/LevelEditorAttract.uasset" 135
"../../../Engine/Content/Tutorial/BlueprintTutorials/TutorialAssets/Blueprint_64x.uasset" 136
"../../../Engine/Content/Tutorial/BlueprintTutorials/BlueprintEditorTutorial.uasset" 137
"../../../Engine/Content/VREditor/LaserPointer/VR_LaserPower_01.uasset" 138
"../../../Engine/Content/VREditor/TransformGizmo/TransformGizmoMaterial.uasset" 139
"../../../Engine/Content/VREditor/TransformGizmo/TranslucentTransformGizmoMaterial.uasset" 140
"../../../Engine/Content/VREditor/TransformGizmo/BoundingBoxCorner.uasset" 141
"../../../Engine/Content/VREditor/TransformGizmo/BoundingBoxEdge.uasset" 142
"../../../Engine/Content/VREditor/TransformGizmo/PlaneTranslationHandle.uasset" 143
"../../../Engine/Content/VREditor/TransformGizmo/Main.uasset" 144
"../../../Engine/Content/VREditor/TransformGizmo/Xray.uasset" 145
"../../../Engine/Content/VREditor/TransformGizmo/SM_Sequencer_Key.uasset" 146
"../../../Engine/Content/VREditor/TransformGizmo/SM_Sequencer_Node.uasset" 147
"../../Plugins/2D/Paper2D/Content/PlaceholderTextures/DummySpriteTexture.uasset" 148
"../../Plugins/2D/Paper2D/Content/DummySprite.uasset" 149
"../../Plugins/2D/Paper2D/Content/DefaultPaperTerrainMaterial.uasset" 150
"../../Plugins/2D/Paper2D/Content/DefaultSpriteMaterial.uasset" 151
"../../Plugins/2D/Paper2D/Content/MaskedUnlitSpriteMaterial.uasset" 152
"../../Plugins/2D/Paper2D/Content/OpaqueUnlitSpriteMaterial.uasset" 153
"../../Plugins/FX/Niagara/Content/Enums/ENiagaraBooleanLogicOps.uasset" 154
"../../Plugins/FX/Niagara/Content/Enums/ENiagaraCoordinateSpace.uasset" 155
"../../Plugins/FX/Niagara/Content/Enums/ENiagaraExpansionMode.uasset" 156
"../../Plugins/FX/Niagara/Content/Enums/ENiagaraOrientationAxis.uasset" 157
"../../Plugins/FX/Niagara/Content/Enums/ENiagaraRandomnessMode.uasset" 158
"../../../Engine/Content/Functions/Engine_MaterialFunctions02/Utility/VectorLength.uasset" 159
"../../../Engine/Content/Functions/Engine_MaterialFunctions02/WorldPositionOffset/ObjectPivotPoint.uasset" 160
"../../Plugins/Runtime/HDRIBackdrop/Content/Materials/HDRI_Attributes.uasset" 161
"../../Plugins/Runtime/HDRIBackdrop/Content/Materials/HDRI_Projection.uasset" 162
"../../Plugins/Runtime/HDRIBackdrop/Content/Materials/MI_HDRI_CameraProjection.uasset" 163
"../../Plugins/Runtime/HDRIBackdrop/Content/Materials/MI_HDRI_CenterProjection.uasset" 164
"../../Plugins/Runtime/HDRIBackdrop/Content/Meshes/EnviroDome.uasset" 165
"../../Plugins/Runtime/HDRIBackdrop/Content/Textures/approaching_storm_4k.uasset" 166
"../../Plugins/Runtime/HDRIBackdrop/Content/Blueprints/HDRIBackdrop.uasset" 167
"../../../../../../Users/nick/Documents/GitHub/LuxarioConfigurator/Content/2D/Materials/EZJadeXSSS/Materials/MP_SphereProbeSSS.uasset" 168
"../../../../../../Users/nick/Documents/GitHub/LuxarioConfigurator/Content/2D/Materials/EZJadeXSSS/Blueprints/BP_MainLightInfo_With_SkyLight.uasset" 169
"../../../../../../Users/nick/Documents/GitHub/LuxarioConfigurator/Content/2D/Materials/Basic/Backdrop/M_Backdrop.uasset" 170
"../../../../../../Users/nick/Documents/GitHub/LuxarioConfigurator/Content/2D/Materials/Basic/Backdrop/MI_Backdrop.uasset" 171
"../../../../../../Users/nick/Documents/GitHub/LuxarioConfigurator/Content/3D/SKSH/Mold/Top/tex/T_Mold_Top_NoHoles_N.uasset" 172
"../../../../../../Users/nick/Documents/GitHub/LuxarioConfigurator/Content/2D/Materials/Contour/M_Contour.uasset" 173
"../../../../../../Users/nick/Documents/GitHub/LuxarioConfigurator/Content/3D/SKSH/Mold/Bottom/tex/T_Mold_Bottom_NoHoles_N.uasset" 174
"../../../../../../Users/nick/Documents/GitHub/LuxarioConfigurator/Content/2D/Materials/Contour/MI_Contour_Bottom.uasset" 175
"../../../../../../Users/nick/Documents/GitHub/LuxarioConfigurator/Content/2D/Materials/Contour/MI_Contour_Top.uasset" 176
"../../../Engine/Content/Functions/Engine_MaterialFunctions02/HueShift.uasset" 177
"../../../../../../Users/nick/Documents/GitHub/LuxarioConfigurator/Content/2D/Materials/EZJadeXSSS/Materials/Functions/Helpers/MF_GetLightFromBp.uasset" 178
"../../../../../../Users/nick/Documents/GitHub/LuxarioConfigurator/Content/2D/Materials/EZJadeXSSS/Materials/Functions/Helpers/MF_Simpson.uasset" 179
"../../../Engine/Content/Functions/Engine_MaterialFunctions02/Utility/MakeFloat4.uasset" 180
"../../../../../../Users/nick/Documents/GitHub/LuxarioConfigurator/Content/2D/Materials/EZJadeXSSS/Materials/Functions/Helpers/MF_ThicknessAmount.uasset" 181
"../../../../../../Users/nick/Documents/GitHub/LuxarioConfigurator/Content/2D/Materials/EZJadeXSSS/Materials/Functions/Helpers/MF_ThicknessX.uasset" 182
"../../../../../../Users/nick/Documents/GitHub/LuxarioConfigurator/Content/2D/Materials/EZJadeXSSS/Materials/Functions/Helpers/MF_Delta.uasset" 183
"../../../../../../Users/nick/Documents/GitHub/LuxarioConfigurator/Content/2D/Materials/EZJadeXSSS/Materials/Functions/Helpers/MF_LightMid.uasset" 184
"../../../../../../Users/nick/Documents/GitHub/LuxarioConfigurator/Content/2D/Materials/EZJadeXSSS/Materials/Functions/Helpers/MF_ThicknessY.uasset" 185
"../../../../../../Users/nick/Documents/GitHub/LuxarioConfigurator/Content/2D/Materials/EZJadeXSSS/Materials/Functions/Helpers/MF_ThicknessZ.uasset" 186
"../../../../../../Users/nick/Documents/GitHub/LuxarioConfigurator/Content/2D/Materials/EZJadeXSSS/Materials/Functions/Helpers/MF_ThicknessVector.uasset" 187
"../../../Engine/Content/Functions/Engine_MaterialFunctions02/Utility/BreakOutFloat4Components.uasset" 188
"../../../../../../Users/nick/Documents/GitHub/LuxarioConfigurator/Content/2D/Materials/EZJadeXSSS/Materials/Functions/Helpers/MF_TransmissionColors.uasset" 189
"../../../../../../Users/nick/Documents/GitHub/LuxarioConfigurator/Content/2D/Materials/EZJadeXSSS/Materials/Functions/Helpers/MF_Wyvill.uasset" 190
"../../../../../../Users/nick/Documents/GitHub/LuxarioConfigurator/Content/2D/Materials/EZJadeXSSS/Materials/Functions/Helpers/MF_WyvillExp.uasset" 191
"../../../../../../Users/nick/Documents/GitHub/LuxarioConfigurator/Content/2D/Materials/EZJadeXSSS/Materials/Functions/Helpers/MF_TransmissionVector.uasset" 192
"../../../../../../Users/nick/Documents/GitHub/LuxarioConfigurator/Content/2D/Materials/EZJadeXSSS/Materials/Functions/MF_SphereProbeSSS.uasset" 193
"../../../Engine/Content/EngineResources/DefaultTexture.uasset" 194
"../../../../../../Users/nick/Documents/GitHub/LuxarioConfigurator/Content/2D/Materials/EZJadeXSSS/Textures/T_Default_N.uasset" 195
"../../../../../../Users/nick/Documents/GitHub/LuxarioConfigurator/Content/2D/Materials/EZJadeXSSS/Materials/M_SphereProbeSSS_Template.uasset" 196
"../../../../../../Users/nick/Documents/GitHub/LuxarioConfigurator/Content/3D/SKSH/Mold/Bottom/tex/T_Mold_Bottom_SSS.uasset" 197
"../../../../../../Users/nick/Documents/GitHub/LuxarioConfigurator/Content/2D/Materials/EZJadeXSSS/Materials/Mold/MI_Mold_Bottom_Resin.uasset" 198
"../../../../../../Users/nick/Documents/GitHub/LuxarioConfigurator/Content/3D/SKSH/Mold/Top/tex/T_Mold_Top_SSS.uasset" 199
"../../../../../../Users/nick/Documents/GitHub/LuxarioConfigurator/Content/2D/Materials/EZJadeXSSS/Materials/Mold/MI_Mold_Top_Resin.uasset" 200
"../../../Engine/Content/Functions/Engine_MaterialFunctions02/Texturing/ScreenAlignedPixelToPixelUVs.uasset" 201
"../../../Engine/Content/EngineMaterials/Good64x64TilingNoiseHighFreq.uasset" 202
"../../../Engine/Content/Functions/Engine_MaterialFunctions02/Utility/DitherTemporalAA.uasset" 203
"../../../../../../Users/nick/Documents/GitHub/LuxarioConfigurator/Content/3D/SKSH/Mold/Textures/T_Holes_Bottom_N.uasset" 204
"../../../../../../Users/nick/Documents/GitHub/LuxarioConfigurator/Content/3D/SKSH/Mold/Textures/T_Holes_Bottom_O.uasset" 205
"../../../../../../Users/nick/Documents/GitHub/LuxarioConfigurator/Content/3D/MeshDecals/Holes/M_Holes.uasset" 206
"../../../../../../Users/nick/Documents/GitHub/LuxarioConfigurator/Content/3D/MeshDecals/Holes/MI_Holes.uasset" 207
"../../../../../../Users/nick/Documents/GitHub/LuxarioConfigurator/Content/3D/MeshDecals/Holes/M_Holes_Contour.uasset" 208
"../../../../../../Users/nick/Documents/GitHub/LuxarioConfigurator/Content/3D/MeshDecals/Holes/MI_Holes_Contour.uasset" 209
"../../../../../../Users/nick/Documents/GitHub/LuxarioConfigurator/Content/3D/MeshDecals/Holes/MI_Holes_Resin.uasset" 210
"../../../Engine/Content/Functions/Engine_MaterialFunctions01/Texturing/FlattenNormal.uasset" 211
"../../../Engine/Content/Functions/Engine_MaterialFunctions01/Gradient/LinearGradient.uasset" 212
"../../../Engine/Content/Functions/Engine_MaterialFunctions01/ImageAdjustment/CheapContrast.uasset" 213
"../../../Engine/Content/Functions/Engine_MaterialFunctions01/Texturing/WorldAlignedTexture.uasset" 214
"../../../Engine/Content/Functions/Engine_MaterialFunctions02/SplitComponents.uasset" 215
"../../../Engine/Content/Functions/Engine_MaterialFunctions02/ObjectLocalBounds.uasset" 216
"../../../Engine/Content/Functions/Engine_MaterialFunctions02/Utility/BreakOutFloat3Components.uasset" 217
"../../../Engine/Content/Functions/Engine_MaterialFunctions02/UVs/BoundingBoxBased_0-1_UVW.uasset" 218
"../../../Engine/Content/EngineMaterials/DefaultNormal.uasset" 219
"../../../../../../Users/nick/Documents/GitHub/LuxarioConfigurator/Content/3D/SKSH/Mold/Top/tex/T_Mold_Top_AO.uasset" 220
"../../../../../../Users/nick/Documents/GitHub/LuxarioConfigurator/Content/2D/Materials/Master/M_Opaque.uasset" 221
"../../../../../../Users/nick/Documents/GitHub/LuxarioConfigurator/Content/2D/Materials/AnodizedAluminum/T_AnodizedAluminum_BC.uasset" 222
"../../../../../../Users/nick/Documents/GitHub/LuxarioConfigurator/Content/2D/Materials/AnodizedAluminum/T_AnodizedAluminum_RMAO.uasset" 223
"../../../../../../Users/nick/Documents/GitHub/LuxarioConfigurator/Content/3D/SKSH/Mold/Bottom/tex/T_Mold_Bottom_AO.uasset" 224
"../../../../../../Users/nick/Documents/GitHub/LuxarioConfigurator/Content/3D/SKSH/Mold/Bottom/MI_Mold_Bottom.uasset" 225
"../../../../../../Users/nick/Documents/GitHub/LuxarioConfigurator/Content/3D/SKSH/Mold/Top/MI_Mold_Top.uasset" 226
"../../../Engine/Content/EditorMaterials/Thumbnails/SkySphereMaterial.uasset" 227
"../../../../../../Users/nick/Documents/GitHub/LuxarioConfigurator/Content/3D/Backdrop/SM_HDRI_Backdrop.uasset" 228
"../../../../../../Users/nick/Documents/GitHub/LuxarioConfigurator/Content/3D/MeshDecals/Holes/SKSH_Holes_Top_Skeleton.uasset" 229
"../../../../../../Users/nick/Documents/GitHub/LuxarioConfigurator/Content/3D/MeshDecals/Holes/SKSH_Holes_Top.uasset" 230
"../../../../../../Users/nick/Documents/GitHub/LuxarioConfigurator/Content/3D/MeshDecals/Holes/SM_Holes_Bottom.uasset" 231
"../../../../../../Users/nick/Documents/GitHub/LuxarioConfigurator/Content/3D/SKSH/Mold/Bottom/Aluminum.uasset" 232
"../../../../../../Users/nick/Documents/GitHub/LuxarioConfigurator/Content/3D/SKSH/Mold/Bottom/SKSH_Mold_Bottom_Skeleton.uasset" 233
"../../../../../../Users/nick/Documents/GitHub/LuxarioConfigurator/Content/3D/SKSH/Mold/Bottom/SKSH_Mold_Bottom.uasset" 234
"../../../../../../Users/nick/Documents/GitHub/LuxarioConfigurator/Content/3D/SKSH/Mold/Bottom/SKSH_Mold_Bottom_Rounded_Skeleton.uasset" 235
"../../../../../../Users/nick/Documents/GitHub/LuxarioConfigurator/Content/3D/SKSH/Mold/Bottom/SKSH_Mold_Bottom_Rounded.uasset" 236
"../../../../../../Users/nick/Documents/GitHub/LuxarioConfigurator/Content/3D/SKSH/Mold/Bottom/SKSH_Mold_Bottom_Sides_Skeleton.uasset" 237
"../../../../../../Users/nick/Documents/GitHub/LuxarioConfigurator/Content/3D/SKSH/Mold/Bottom/SKSH_Mold_Bottom_Sides.uasset" 238
"../../../../../../Users/nick/Documents/GitHub/LuxarioConfigurator/Content/3D/SKSH/Mold/Bottom/SKSH_Mold_Bottom_Walls_Skeleton.uasset" 239
"../../../../../../Users/nick/Documents/GitHub/LuxarioConfigurator/Content/3D/SKSH/Mold/Bottom/SKSH_Mold_Bottom_Walls.uasset" 240
"../../../../../../Users/nick/Documents/GitHub/LuxarioConfigurator/Content/3D/SKSH/Mold/Bottom/SKSH_Mold_Bottom_Walls_Rounded_Skeleton.uasset" 241
"../../../../../../Users/nick/Documents/GitHub/LuxarioConfigurator/Content/3D/SKSH/Mold/Bottom/SKSH_Mold_Bottom_Walls_Rounded.uasset" 242
"../../../../../../Users/nick/Documents/GitHub/LuxarioConfigurator/Content/3D/SKSH/Mold/Top/Aluminum.uasset" 243
"../../../../../../Users/nick/Documents/GitHub/LuxarioConfigurator/Content/3D/SKSH/Mold/Top/SKSH_Mold_Top_Skeleton.uasset" 244
"../../../../../../Users/nick/Documents/GitHub/LuxarioConfigurator/Content/3D/SKSH/Mold/Top/SKSH_Mold_Top.uasset" 245
"../../../../../../Users/nick/Documents/GitHub/LuxarioConfigurator/Content/3D/SKSH/Mold/Top/SKSH_Mold_Top_Rounded_Skeleton.uasset" 246
"../../../../../../Users/nick/Documents/GitHub/LuxarioConfigurator/Content/3D/SKSH/Mold/Top/SKSH_Mold_Top_Rounded.uasset" 247
"../../../../../../Users/nick/Documents/GitHub/LuxarioConfigurator/Content/3D/SKSH/Mold/Top/SKSH_Mold_Top_Sides_Skeleton.uasset" 248
"../../../../../../Users/nick/Documents/GitHub/LuxarioConfigurator/Content/3D/SKSH/Mold/Top/SKSH_Mold_Top_Sides.uasset" 249
"../../../../../../Users/nick/Documents/GitHub/LuxarioConfigurator/Content/3D/SKSH/Mold/Top/SKSH_Mold_Top_Walls_Skeleton.uasset" 250
"../../../../../../Users/nick/Documents/GitHub/LuxarioConfigurator/Content/3D/SKSH/Mold/Top/SKSH_Mold_Top_Walls.uasset" 251
"../../../../../../Users/nick/Documents/GitHub/LuxarioConfigurator/Content/3D/SKSH/Mold/Top/SKSH_Mold_Top_Walls_Rounded_Skeleton.uasset" 252
"../../../../../../Users/nick/Documents/GitHub/LuxarioConfigurator/Content/3D/SKSH/Mold/Top/SKSH_Mold_Top_Walls_Rounded.uasset" 253
"../../../../../../Users/nick/Documents/GitHub/LuxarioConfigurator/Content/BP/Enum/E_MaterialType.uasset" 254
"../../../../../../Users/nick/Documents/GitHub/LuxarioConfigurator/Content/BP/Mold/BP_Mold.uasset" 255
"../../../Engine/Content/EditorBlueprintResources/StandardMacros.uasset" 256
"../../../../../../Users/nick/Documents/GitHub/LuxarioConfigurator/Content/2D/UI/TouchDebug/TouchLocation.uasset" 257
"../../../../../../Users/nick/Documents/GitHub/LuxarioConfigurator/Content/BP/UI/BP_UI_TouchDebug.uasset" 258
"../../../../../../Users/nick/Documents/GitHub/LuxarioConfigurator/Content/BP/UltimateTouchComponents/Core/UTCComponent.uasset" 259
"../../../../../../Users/nick/Documents/GitHub/LuxarioConfigurator/Content/BP/UltimateTouchComponents/Core/UTCMacroLibrary.uasset" 260
"../../../../../../Users/nick/Documents/GitHub/LuxarioConfigurator/Content/BP/UltimateTouchComponents/Core/IUTCWidget.uasset" 261
"../../../../../../Users/nick/Documents/GitHub/LuxarioConfigurator/Content/BP/UltimateTouchComponents/Core/UTCDebugWidget.uasset" 262
"../../../../../../Users/nick/Documents/GitHub/LuxarioConfigurator/Content/BP/UltimateTouchComponents/Core/UTCPinchDebugWidget.uasset" 263
"../../../../../../Users/nick/Documents/GitHub/LuxarioConfigurator/Content/BP/UltimateTouchComponents/Core/UTCPinchComponent.uasset" 264
"../../../../../../Users/nick/Documents/GitHub/LuxarioConfigurator/Content/BP/UltimateTouchComponents/Core/UTCSwipeToMoveComponent.uasset" 265
"../../../../../../Users/nick/Documents/GitHub/LuxarioConfigurator/Content/2D/Fonts/SofiaProLight.uasset" 266
"../../../../../../Users/nick/Documents/GitHub/LuxarioConfigurator/Content/2D/Fonts/SofiaProMedium.uasset" 267
"../../../../../../Users/nick/Documents/GitHub/LuxarioConfigurator/Content/2D/Fonts/SofiaProRegular.uasset" 268
"../../../../../../Users/nick/Documents/GitHub/LuxarioConfigurator/Content/2D/Fonts/SofiaProSemiBold.uasset" 269
"../../../../../../Users/nick/Documents/GitHub/LuxarioConfigurator/Content/2D/Fonts/SofiaPro_Font.uasset" 270
"../../../Engine/Content/ArtTools/RenderToTexture/MaterialFunctions/CheckerPattern.uasset" 271
"../../../Engine/Content/Functions/Engine_MaterialFunctions01/Density/ExponentialDensity.uasset" 272
"../../../Engine/Content/Functions/Engine_MaterialFunctions01/Gradient/RadialGradientExponential.uasset" 273
"../../../Engine/Content/Functions/Engine_MaterialFunctions02/SmoothStep.uasset" 274
"../../../Engine/Content/Functions/Engine_MaterialFunctions02/Texturing/CustomRotator.uasset" 275
"../../../Engine/Content/Functions/Engine_MaterialFunctions02/Utility/MakeFloat2.uasset" 276
"../../../Engine/Content/Functions/Engine_MaterialFunctions02/Utility/VectorToRadialValue.uasset" 277
"../../../Engine/Content/Functions/UserInterface/GetUserInterfaceUV.uasset" 278
"../../../../../../Users/nick/Documents/GitHub/LuxarioConfigurator/Content/2D/Materials/UI/MF/MF_linearGradientSmoothing.uasset" 279
"../../../../../../Users/nick/Documents/GitHub/LuxarioConfigurator/Content/2D/Materials/UI/MF/MF_PixelSizeToRadius.uasset" 280
"../../../../../../Users/nick/Documents/GitHub/LuxarioConfigurator/Content/2D/Materials/UI/MF/MF_PixelSizeToRadiusNoRatio.uasset" 281
"../../../../../../Users/nick/Documents/GitHub/LuxarioConfigurator/Content/2D/Materials/UI/MF/MF_RoundBorderAlpha.uasset" 282
"../../../../../../Users/nick/Documents/GitHub/LuxarioConfigurator/Content/2D/Materials/UI/MF/MF_UniformRadius.uasset" 283
"../../../../../../Users/nick/Documents/GitHub/LuxarioConfigurator/Content/2D/Materials/UI/M/M_RoundBorders.uasset" 284
"../../../../../../Users/nick/Documents/GitHub/LuxarioConfigurator/Content/2D/Materials/UI/MI/Checkout/MI_CancelBG.uasset" 285
"../../../../../../Users/nick/Documents/GitHub/LuxarioConfigurator/Content/2D/Materials/UI/MI/Checkout/MI_Checkout_BG.uasset" 286
"../../../../../../Users/nick/Documents/GitHub/LuxarioConfigurator/Content/2D/Materials/UI/MI/Checkout/MI_Checkout_Button_Cancel.uasset" 287
"../../../../../../Users/nick/Documents/GitHub/LuxarioConfigurator/Content/2D/Materials/UI/MI/Checkout/MI_Checkout_Button_Confirm.uasset" 288
"../../../../../../Users/nick/Documents/GitHub/LuxarioConfigurator/Content/2D/Materials/UI/MI/NavBar/MI_Adjust_Slider_BG.uasset" 289
"../../../../../../Users/nick/Documents/GitHub/LuxarioConfigurator/Content/2D/Materials/UI/MI/NavBar/MI_Adjust_Slider_Thumb.uasset" 290
"../../../../../../Users/nick/Documents/GitHub/LuxarioConfigurator/Content/2D/Materials/UI/MI/NavBar/MI_NavBar_Adjust.uasset" 291
"../../../../../../Users/nick/Documents/GitHub/LuxarioConfigurator/Content/2D/Materials/UI/MI/NavBar/MI_NavBar_BG.uasset" 292
"../../../../../../Users/nick/Documents/GitHub/LuxarioConfigurator/Content/2D/Materials/UI/MI/Settings/MI_Settings_BG.uasset" 293
"../../../../../../Users/nick/Documents/GitHub/LuxarioConfigurator/Content/2D/Materials/UI/MI/Share/MI_Share_Button_Primary.uasset" 294
"../../../../../../Users/nick/Documents/GitHub/LuxarioConfigurator/Content/2D/Materials/UI/MI/Share/MI_Share_Button_Secondary.uasset" 295
"../../../../../../Users/nick/Documents/GitHub/LuxarioConfigurator/Content/2D/UI/Mold/Material.uasset" 296
"../../../../../../Users/nick/Documents/GitHub/LuxarioConfigurator/Content/2D/UI/Mold/MoldVisibility_Both_Closed.uasset" 297
"../../../../../../Users/nick/Documents/GitHub/LuxarioConfigurator/Content/2D/UI/Mold/MoldVisibility_Both_Open.uasset" 298
"../../../../../../Users/nick/Documents/GitHub/LuxarioConfigurator/Content/2D/UI/Mold/MoldVisibility_Bottom.uasset" 299
"../../../../../../Users/nick/Documents/GitHub/LuxarioConfigurator/Content/2D/UI/Mold/MoldVisibility_Top.uasset" 300
"../../../../../../Users/nick/Documents/GitHub/LuxarioConfigurator/Content/2D/UI/NavBar/Adjust.uasset" 301
"../../../../../../Users/nick/Documents/GitHub/LuxarioConfigurator/Content/2D/UI/NavBar/Back.uasset" 302
"../../../../../../Users/nick/Documents/GitHub/LuxarioConfigurator/Content/2D/UI/NavBar/Checkmark.uasset" 303
"../../../../../../Users/nick/Documents/GitHub/LuxarioConfigurator/Content/2D/UI/NavBar/Inquire.uasset" 304
"../../../../../../Users/nick/Documents/GitHub/LuxarioConfigurator/Content/2D/UI/NavBar/Settings.uasset" 305
"../../../../../../Users/nick/Documents/GitHub/LuxarioConfigurator/Content/2D/UI/Settings/ContactUs.uasset" 306
"../../../../../../Users/nick/Documents/GitHub/LuxarioConfigurator/Content/2D/UI/Settings/PrivacyPolicy.uasset" 307
"../../../../../../Users/nick/Documents/GitHub/LuxarioConfigurator/Content/2D/UI/Settings/ReportBug.uasset" 308
"../../../../../../Users/nick/Documents/GitHub/LuxarioConfigurator/Content/2D/UI/Settings/RequestFeature.uasset" 309
"../../../../../../Users/nick/Documents/GitHub/LuxarioConfigurator/Content/2D/UI/Settings/TermsOfUse.uasset" 310
"../../../../../../Users/nick/Documents/GitHub/LuxarioConfigurator/Content/2D/UI/Social/Share.uasset" 311
"../../../../../../Users/nick/Documents/GitHub/LuxarioConfigurator/Content/BP/Enum/E_AdjustmentType.uasset" 312
"../../../../../../Users/nick/Documents/GitHub/LuxarioConfigurator/Content/2D/Materials/UI/MI/NavBar/MI_Adjust_BG.uasset" 313
"../../../../../../Users/nick/Documents/GitHub/LuxarioConfigurator/Content/2D/UI/NavBar/Arch.uasset" 314
"../../../../../../Users/nick/Documents/GitHub/LuxarioConfigurator/Content/2D/UI/NavBar/Concave.uasset" 315
"../../../../../../Users/nick/Documents/GitHub/LuxarioConfigurator/Content/2D/UI/NavBar/Concave_Width.uasset" 316
"../../../../../../Users/nick/Documents/GitHub/LuxarioConfigurator/Content/2D/UI/NavBar/Dips.uasset" 317
"../../../../../../Users/nick/Documents/GitHub/LuxarioConfigurator/Content/2D/UI/NavBar/Kicks.uasset" 318
"../../../../../../Users/nick/Documents/GitHub/LuxarioConfigurator/Content/2D/UI/NavBar/Rounded_Concave.uasset" 319
"../../../../../../Users/nick/Documents/GitHub/LuxarioConfigurator/Content/2D/UI/NavBar/Squared_Concave.uasset" 320
"../../../../../../Users/nick/Documents/GitHub/LuxarioConfigurator/Content/BP/UI/BP_UI_AdjustmentButton.uasset" 321
"../../../../../../Users/nick/Documents/GitHub/LuxarioConfigurator/Content/BP/UI/BP_UI_Main.uasset" 322
"../../../../../../Users/nick/Documents/GitHub/LuxarioConfigurator/Content/BP/Pawn/Pawn.uasset" 323
"../../../../../../Users/nick/Documents/GitHub/LuxarioConfigurator/Content/LVL/Main/Main_BuiltData.uasset" 324
"../../../../../../Users/nick/Documents/GitHub/LuxarioConfigurator/Content/2D/HDRI/simple_3point_a.uasset" 325
"../../../../../../Users/nick/Documents/GitHub/LuxarioConfigurator/Content/LVL/Main/Main.umap" 326
"../../../Engine/Content/Maps/Entry_BuiltData.uasset" 327
"../../../Engine/Content/Maps/Entry.umap" 328
