"../../../../../../Users/nick/Documents/GitHub/LuxarioConfigurator/Content/3D/SKSH/Mold/Aluminum.uasset" 0
"../../../../../../Users/nick/Documents/GitHub/LuxarioConfigurator/Content/3D/SKSH/Mold/Top/tex/Top_RMAO.uasset" 1
"../../../../../../Users/nick/Documents/GitHub/LuxarioConfigurator/Content/3D/SKSH/Mold/Top/tex/T_Mold_Top_N.uasset" 2
"../../../../../../Users/nick/Documents/GitHub/LuxarioConfigurator/Content/3D/SKSH/Mold/Top/tex/Top_Normal.uasset" 3
"../../../../../../Users/nick/Documents/GitHub/LuxarioConfigurator/Content/3D/SKSH/Mold/Bottom/tex/Bottom_RMAO.uasset" 4
"../../../../../../Users/nick/Documents/GitHub/LuxarioConfigurator/Content/3D/SKSH/Mold/Bottom/tex/T_Mold_Bottom_N.uasset" 5
"../../../../../../Users/nick/Documents/GitHub/LuxarioConfigurator/Content/3D/SKSH/Mold/Bottom/tex/Bottom_Normal.uasset" 6
"../../../../../../Users/nick/Documents/GitHub/LuxarioConfigurator/Content/BP/Backdrop/BP_Backdrop.uasset" 7
"../../../Engine/Content/EditorBlueprintResources/StandardMacros.uasset" 8
"../../../../../../Users/nick/Documents/GitHub/LuxarioConfigurator/Content/BP/UltimateTouchComponents/Core/UTCComponent.uasset" 9
"../../../../../../Users/nick/Documents/GitHub/LuxarioConfigurator/Content/BP/UltimateTouchComponents/Core/UTCDebugWidget.uasset" 10
"../../../../../../Users/nick/Documents/GitHub/LuxarioConfigurator/Content/BP/UltimateTouchComponents/Core/UTCSwipeDebugWidget.uasset" 11
"../../../../../../Users/nick/Documents/GitHub/LuxarioConfigurator/Content/BP/UltimateTouchComponents/Core/EUTCSwipeDirection.uasset" 12
"../../../../../../Users/nick/Documents/GitHub/LuxarioConfigurator/Content/BP/UltimateTouchComponents/Core/UTCSwipeComponent.uasset" 13
"../../../../../../Users/nick/Documents/GitHub/LuxarioConfigurator/Content/BP/UltimateTouchComponents/Core/IUTCWidget.uasset" 14
"../../../../../../Users/nick/Documents/GitHub/LuxarioConfigurator/Content/BP/UltimateTouchComponents/Core/EUTCJoystickAxes.uasset" 15
"../../../../../../Users/nick/Documents/GitHub/LuxarioConfigurator/Content/BP/UltimateTouchComponents/Core/UTCJoystickDebugWidget.uasset" 16
"../../../../../../Users/nick/Documents/GitHub/LuxarioConfigurator/Content/BP/UltimateTouchComponents/Core/UTCJoystickComponent.uasset" 17
"../../../Engine/Content/EngineFonts/Faces/DroidSansFallback.uasset" 18
"../../../Engine/Content/EngineFonts/Faces/RobotoTiny.uasset" 19
"../../../Engine/Content/EngineFonts/RobotoTiny.uasset" 20
"../../../../../../Users/nick/Documents/GitHub/LuxarioConfigurator/Content/BP/UltimateTouchComponents/Core/UTCTapDebugWidget.uasset" 21
"../../../../../../Users/nick/Documents/GitHub/LuxarioConfigurator/Content/BP/UltimateTouchComponents/Core/UTCTapComponent.uasset" 22
"../../../Engine/Content/Functions/Engine_MaterialFunctions01/Gradient/LinearGradient.uasset" 23
"../../../Engine/Content/Functions/Engine_MaterialFunctions01/ImageAdjustment/CheapContrast.uasset" 24
"../../../Engine/Content/EngineMaterials/DefaultDiffuse.uasset" 25
"../../../Engine/Content/Functions/Engine_MaterialFunctions01/Texturing/WorldAlignedTexture.uasset" 26
"../../../Engine/Content/Functions/Engine_MaterialFunctions02/Texturing/HeightLerpWithTwoHeightMaps.uasset" 27
"../../../Engine/Content/Functions/Engine_MaterialFunctions02/ObjectLocalBounds.uasset" 28
"../../../Engine/Content/Functions/Engine_MaterialFunctions02/Utility/BreakOutFloat3Components.uasset" 29
"../../../Engine/Content/Functions/Engine_MaterialFunctions02/UVs/BoundingBoxBased_0-1_UVW.uasset" 30
"../../../Engine/Content/Functions/MaterialLayerFunctions/MatLayerBlend_Standard.uasset" 31
"../../../../../../Users/nick/Documents/GitHub/LuxarioConfigurator/Content/ENV/MaterialFunctions/CameraFalloff_MF.uasset" 32
"../../../Engine/Content/Functions/Engine_MaterialFunctions02/HueShift.uasset" 33
"../../../../../../Users/nick/Documents/GitHub/LuxarioConfigurator/Content/ENV/MaterialFunctions/ColorAdjust_MF.uasset" 34
"../../../../../../Users/nick/Documents/GitHub/LuxarioConfigurator/Content/ENV/Texture/Procedural/Grunge03_tex-G.uasset" 35
"../../../../../../Users/nick/Documents/GitHub/LuxarioConfigurator/Content/ENV/MaterialFunctions/EdgeDetection_MF.uasset" 36
"../../../Engine/Content/Functions/Engine_MaterialFunctions02/Utility/MakeFloat3.uasset" 37
"../../../../../../Users/nick/Documents/GitHub/LuxarioConfigurator/Content/ENV/MaterialFunctions/NormalAdjust_MF.uasset" 38
"../../../Engine/Content/Functions/Engine_MaterialFunctions02/Utility/BreakOutFloat4Components.uasset" 39
"../../../Engine/Content/Functions/Engine_MaterialFunctions02/Utility/MakeFloat4.uasset" 40
"../../../../../../Users/nick/Documents/GitHub/LuxarioConfigurator/Content/ENV/MaterialFunctions/RHAOMAdjust_MF.uasset" 41
"../../../Engine/Content/Functions/Engine_MaterialFunctions02/Texturing/CustomRotator.uasset" 42
"../../../../../../Users/nick/Documents/GitHub/LuxarioConfigurator/Content/ENV/MaterialFunctions/WorldAlignedTextureRotate_MF.uasset" 43
"../../../../../../Users/nick/Documents/GitHub/LuxarioConfigurator/Content/ENV/Texture/Procedural/Grunge04_tex-G.uasset" 44
"../../../../../../Users/nick/Documents/GitHub/LuxarioConfigurator/Content/ENV/Texture/Tileable/disturbed_soil_Base_Color.uasset" 45
"../../../../../../Users/nick/Documents/GitHub/LuxarioConfigurator/Content/ENV/Texture/Tileable/disturbed_soil_Normal.uasset" 46
"../../../../../../Users/nick/Documents/GitHub/LuxarioConfigurator/Content/ENV/Texture/Tileable/disturbed_soil_RMAO.uasset" 47
"../../../../../../Users/nick/Documents/GitHub/LuxarioConfigurator/Content/ENV/Texture/Tileable/steel_worn_Base_Color.uasset" 48
"../../../../../../Users/nick/Documents/GitHub/LuxarioConfigurator/Content/ENV/Texture/Tileable/steel_worn_Normal.uasset" 49
"../../../../../../Users/nick/Documents/GitHub/LuxarioConfigurator/Content/ENV/Texture/Tileable/steel_worn_RMAO.uasset" 50
"../../../../../../Users/nick/Documents/GitHub/LuxarioConfigurator/Content/ENV/mat/ProceduralTexture_M.uasset" 51
"../../../../../../Users/nick/Documents/GitHub/LuxarioConfigurator/Content/2D/Materials/AnodizedAluminum/T_AnodizedAluminum_BC.uasset" 52
"../../../../../../Users/nick/Documents/GitHub/LuxarioConfigurator/Content/2D/Materials/AnodizedAluminum/T_AnodizedAluminum_N.uasset" 53
"../../../../../../Users/nick/Documents/GitHub/LuxarioConfigurator/Content/2D/Materials/AnodizedAluminum/T_AnodizedAluminum_RMAO.uasset" 54
"../../../../../../Users/nick/Documents/GitHub/LuxarioConfigurator/Content/ENV/mat/MI_Mold.uasset" 55
"../../../../../../Users/nick/Documents/GitHub/LuxarioConfigurator/Content/ENV/Texture/Procedural/Test_GrungeNormal_tex-N.uasset" 56
"../../../../../../Users/nick/Documents/GitHub/LuxarioConfigurator/Content/ENV/mat/VehicleProcedural_master_M.uasset" 57
"../../../../../../Users/nick/Documents/GitHub/LuxarioConfigurator/Content/2D/UI/NavBar/Cancel.uasset" 58
"../../../Engine/Content/EngineResources/WhiteSquareTexture.uasset" 59
"../../../../../../Users/nick/Documents/GitHub/LuxarioConfigurator/Content/2D/Materials/UI/M/M_ScrollboxGradient.uasset" 60
"../../../../../../Users/nick/Documents/GitHub/LuxarioConfigurator/Content/2D/Materials/UI/MI/Adjust/MI_ScrollboxGradient.uasset" 61
"../../../Engine/Content/Functions/Engine_MaterialFunctions02/Utility/BreakOutFloat2Components.uasset" 62
"../../../Engine/Content/ArtTools/RenderToTexture/MaterialFunctions/CheckerPattern.uasset" 63
"../../../Engine/Content/Functions/Engine_MaterialFunctions01/Density/ExponentialDensity.uasset" 64
"../../../Engine/Content/Functions/Engine_MaterialFunctions01/Gradient/RadialGradientExponential.uasset" 65
"../../../Engine/Content/Functions/Engine_MaterialFunctions02/SmoothStep.uasset" 66
"../../../Engine/Content/Functions/Engine_MaterialFunctions02/Utility/MakeFloat2.uasset" 67
"../../../Engine/Content/Functions/Engine_MaterialFunctions02/Utility/VectorToRadialValue.uasset" 68
"../../../Engine/Content/Functions/UserInterface/GetUserInterfaceUV.uasset" 69
"../../../../../../Users/nick/Documents/GitHub/LuxarioConfigurator/Content/2D/Materials/UI/MF/MF_linearGradientSmoothing.uasset" 70
"../../../../../../Users/nick/Documents/GitHub/LuxarioConfigurator/Content/2D/Materials/UI/MF/MF_PixelSizeToRadius.uasset" 71
"../../../../../../Users/nick/Documents/GitHub/LuxarioConfigurator/Content/2D/Materials/UI/MF/MF_PixelSizeToRadiusNoRatio.uasset" 72
"../../../../../../Users/nick/Documents/GitHub/LuxarioConfigurator/Content/2D/Materials/UI/MF/MF_RoundBorderAlpha.uasset" 73
"../../../../../../Users/nick/Documents/GitHub/LuxarioConfigurator/Content/2D/Materials/UI/MF/MF_UniformRadius.uasset" 74
"../../../../../../Users/nick/Documents/GitHub/LuxarioConfigurator/Content/2D/Materials/UI/M/M_RoundBorders.uasset" 75
"../../../Engine/Content/EngineResources/DefaultTexture.uasset" 76
"../../../../../../Users/nick/Documents/GitHub/LuxarioConfigurator/Content/2D/Materials/UI/MI/Testing/MI_TestingUI.uasset" 77
"../../../Engine/Content/Animation/DefaultAnimCurveCompressionSettings.uasset" 78
"../../../Engine/Content/Functions/Engine_MaterialFunctions01/Opacity/CameraDepthFade.uasset" 79
"../../../Engine/Content/EngineMaterials/T_Default_Material_Grid_M.uasset" 80
"../../../Engine/Content/EngineMaterials/T_Default_Material_Grid_N.uasset" 81
"../../../Engine/Content/EngineMaterials/WorldGridMaterial.uasset" 82
"../../../Engine/Content/ArtTools/RenderToTexture/Meshes/S_1_Unit_Plane.uasset" 83
"../../../Engine/Content/EngineMaterials/DefaultMaterial.uasset" 84
"../../../Engine/Content/BasicShapes/Cone.uasset" 85
"../../../Engine/Content/BasicShapes/Cube.uasset" 86
"../../../Engine/Content/BasicShapes/Cylinder.uasset" 87
"../../../Engine/Content/BasicShapes/Plane.uasset" 88
"../../../Engine/Content/BasicShapes/Sphere.uasset" 89
"../../../Engine/Content/EditorLandscapeResources/DataLayer.uasset" 90
"../../../Engine/Content/EditorMaterials/MAT_Groups_Toggle.uasset" 91
"../../../Engine/Content/EditorMaterials/MAT_Groups_Visibility.uasset" 92
"../../../Engine/Content/EditorMaterials/PreviewShadowIndicator.uasset" 93
"../../../Engine/Content/EditorMaterials/PreviewShadowIndicatorMaterial.uasset" 94
"../../../Engine/Content/EditorMaterials/MatineeGroups/MAT_ColorTrack.uasset" 95
"../../../Engine/Content/EditorMaterials/MatineeGroups/MAT_Groups_Anim.uasset" 96
"../../../Engine/Content/EditorMaterials/MatineeGroups/MAT_Groups_AudioMaster.uasset" 97
"../../../Engine/Content/EditorMaterials/MatineeGroups/MAT_Groups_Director.uasset" 98
"../../../Engine/Content/EditorMaterials/MatineeGroups/MAT_Groups_Event.uasset" 99
"../../../Engine/Content/EditorMaterials/MatineeGroups/MAT_Groups_Fade.uasset" 100
"../../../Engine/Content/EditorMaterials/MatineeGroups/MAT_Groups_Float.uasset" 101
"../../../Engine/Content/EditorMaterials/MatineeGroups/MAT_Groups_Move.uasset" 102
"../../../Engine/Content/EditorMaterials/MatineeGroups/MAT_Groups_Slomo.uasset" 103
"../../../Engine/Content/EditorMaterials/MatineeGroups/MAT_Groups_Sound.uasset" 104
"../../../Engine/Content/EditorMaterials/MatineeGroups/MAT_Groups_Vector.uasset" 105
"../../../Engine/Content/EditorMaterials/ParticleSystems/PSysThumbnail_NoImage.uasset" 106
"../../../Engine/Content/EditorMaterials/ParticleSystems/PSysThumbnail_OOD.uasset" 107
"../../../Engine/Content/EditorMaterials/Camera/CineMat.uasset" 108
"../../../Engine/Content/EditorMaterials/Camera/MI_CineMat_Rig.uasset" 109
"../../../Engine/Content/EditorMeshes/Camera/SM_CraneRig_Arm.uasset" 110
"../../../Engine/Content/EditorMeshes/Camera/SM_CraneRig_Base.uasset" 111
"../../../Engine/Content/EditorMeshes/Camera/SM_CraneRig_Body.uasset" 112
"../../../Engine/Content/EditorMeshes/Camera/SM_CraneRig_Mount.uasset" 113
"../../../Engine/Content/EditorMeshes/Camera/SM_RailRig_Mount.uasset" 114
"../../../Engine/Content/EditorMeshes/Camera/SM_RailRig_Track.uasset" 115
"../../../Engine/Content/EditorResources/BSPVertex.uasset" 116
"../../../Engine/Content/EditorResources/EmptyActor.uasset" 117
"../../../Engine/Content/EditorResources/S_Actor.uasset" 118
"../../../Engine/Content/EditorResources/S_Note.uasset" 119
"../../../Engine/Content/EditorResources/S_Solver.uasset" 120
"../../../Engine/Content/EditorResources/S_Trigger.uasset" 121
"../../../Engine/Content/EditorResources/LightIcons/S_LightError.uasset" 122
"../../../Engine/Content/EditorResources/SequenceRecorder/Countdown.uasset" 123
"../../../Engine/Content/EditorResources/SequenceRecorder/RecordingIndicator.uasset" 124
"../../../Engine/Content/EditorSounds/Notifications/CompileFailed.uasset" 125
"../../../Engine/Content/EditorSounds/Notifications/CompileFailed_Cue.uasset" 126
"../../../Engine/Content/EditorSounds/Notifications/CompileSuccess.uasset" 127
"../../../Engine/Content/EditorSounds/Notifications/CompileStart_Cue.uasset" 128
"../../../Engine/Content/EditorSounds/Notifications/CompileSuccess_Cue.uasset" 129
"../../../Engine/Content/EngineDamageTypes/DmgTypeBP_Environmental.uasset" 130
"../../../Engine/Content/EngineDebugMaterials/DebugEditorMaterial.uasset" 131
"../../../Engine/Content/EngineDebugMaterials/DebugMeshMaterial.uasset" 132
"../../../Engine/Content/EngineDebugMaterials/M_SimpleUnlitTranslucent.uasset" 133
"../../../Engine/Content/Functions/Engine_MaterialFunctions02/Utility/CameraDirectionVector.uasset" 134
"../../../Engine/Content/EngineDebugMaterials/VolumeToRender.uasset" 135
"../../../Engine/Content/EngineDebugMaterials/M_VolumeRenderSphereTracePP.uasset" 136
"../../../Engine/Content/EngineDebugMaterials/WireframeMaterial.uasset" 137
"../../../Engine/Content/EngineFonts/Faces/RobotoBold.uasset" 138
"../../../Engine/Content/EngineFonts/Faces/RobotoBoldItalic.uasset" 139
"../../../Engine/Content/EngineFonts/Faces/RobotoItalic.uasset" 140
"../../../Engine/Content/EngineFonts/Faces/RobotoLight.uasset" 141
"../../../Engine/Content/EngineFonts/Faces/RobotoRegular.uasset" 142
"../../../Engine/Content/EngineFonts/Roboto.uasset" 143
"../../../Engine/Content/EngineMaterials/BaseFlattenDiffuseMap.uasset" 144
"../../../Engine/Content/EngineMaterials/BaseFlattenEmissiveMap.uasset" 145
"../../../Engine/Content/EngineMaterials/BaseFlattenGrayscaleMap.uasset" 146
"../../../Engine/Content/EngineMaterials/BaseFlattenNormalMap.uasset" 147
"../../../Engine/Content/EngineMaterials/BaseFlattenMaterial.uasset" 148
"../../../Engine/Content/EngineMaterials/BlueNoise.uasset" 149
"../../../Engine/Content/EngineMaterials/DefaultBloomKernel.uasset" 150
"../../../Engine/Content/EngineMaterials/DefaultBokeh.uasset" 151
"../../../Engine/Content/EngineMaterials/DefaultDeferredDecalMaterial.uasset" 152
"../../../Engine/Content/EngineMaterials/DefaultLightFunctionMaterial.uasset" 153
"../../../Engine/Content/EngineMaterials/DefaultPhysicalMaterial.uasset" 154
"../../../Engine/Content/EngineMaterials/DefaultPostProcessMaterial.uasset" 155
"../../../Engine/Content/EngineFonts/RobotoDistanceField.uasset" 156
"../../../Engine/Content/EngineMaterials/DefaultTextMaterialOpaque.uasset" 157
"../../../Engine/Content/EngineMaterials/DefaultWhiteGrid.uasset" 158
"../../../Engine/Content/EngineMaterials/DefaultWhiteGrid_Low.uasset" 159
"../../../Engine/Content/EngineMaterials/EmissiveMeshMaterial.uasset" 160
"../../../Engine/Content/EngineMaterials/GizmoMaterial.uasset" 161
"../../../Engine/Content/EngineMaterials/InvalidLightmapSettings.uasset" 162
"../../../Engine/Content/EngineMaterials/M_InvalidLightmapSettings.uasset" 163
"../../../Engine/Content/EngineMaterials/MiniFont.uasset" 164
"../../../Engine/Content/Functions/Engine_MaterialFunctions02/WorldPositionOffset/CameraOffset.uasset" 165
"../../../Engine/Content/EngineMaterials/PhAT_JointLimitMaterial.uasset" 166
"../../../Engine/Content/EngineMaterials/PreintegratedSkinBRDF.uasset" 167
"../../../Engine/Content/EngineMaterials/RemoveSurfaceMaterial.uasset" 168
"../../../Engine/Content/EngineMaterials/WeightMapPlaceholderTexture.uasset" 169
"../../../Engine/Content/EngineMaterials/Widget3DPassThrough.uasset" 170
"../../../Engine/Content/EngineMaterials/Widget3DPassThrough_Masked.uasset" 171
"../../../Engine/Content/EngineMaterials/Widget3DPassThrough_Opaque.uasset" 172
"../../../Engine/Content/EngineMaterials/Widget3DPassThrough_Masked_OneSided.uasset" 173
"../../../Engine/Content/EngineMaterials/Widget3DPassThrough_Opaque_OneSided.uasset" 174
"../../../Engine/Content/EngineMaterials/Widget3DPassThrough_Translucent.uasset" 175
"../../../Engine/Content/EngineMaterials/Widget3DPassThrough_Translucent_OneSided.uasset" 176
"../../../Engine/Content/EngineMeshes/Cylinder.uasset" 177
"../../../Engine/Content/EngineMeshes/Sphere.uasset" 178
"../../../Engine/Content/EngineResources/Black.uasset" 179
"../../../Engine/Content/EngineResources/DefaultTextureCube.uasset" 180
"../../../Engine/Content/EngineResources/DefaultVolumeTexture2D.uasset" 181
"../../../Engine/Content/EngineResources/DefaultVolumeTexture.uasset" 182
"../../../Engine/Content/EngineResources/GradientTexture0.uasset" 183
"../../../Engine/Content/EngineSounds/Master.uasset" 184
"../../../Engine/Content/Functions/Engine_MaterialFunctions01/Shading/ConvertFromDiffSpec.uasset" 185
"../../../Engine/Content/Functions/Engine_MaterialFunctions01/Shading/PowerToRoughness.uasset" 186
"../../../Engine/Content/Maps/Templates/Thumbnails/Default.uasset" 187
"../../../Engine/Content/Maps/Templates/Thumbnails/TimeOfDay.uasset" 188
"../../../Engine/Content/Maps/Templates/Thumbnails/VR-Basic.uasset" 189
"../../../Engine/Content/MobileResources/T_MobileControls_texture.uasset" 190
"../../../Engine/Content/MobileResources/T_MobileMenu2.uasset" 191
"../../../Engine/Content/MobileResources/HUD/AnalogHat.uasset" 192
"../../../Engine/Content/MobileResources/HUD/VirtualJoystick_Background.uasset" 193
"../../../Engine/Content/MobileResources/HUD/VirtualJoystick_Thumb.uasset" 194
"../../../Engine/Content/MobileResources/HUD/DefaultVirtualJoysticks.uasset" 195
"../../../Engine/Content/MobileResources/HUD/LeftVirtualJoystickOnly.uasset" 196
"../../../Engine/Content/MobileResources/HUD/MobileHUDButton1_off.uasset" 197
"../../../Engine/Content/MobileResources/HUD/MobileHUDButton1_on.uasset" 198
"../../../Engine/Content/MobileResources/HUD/MobileHUDButton2_off.uasset" 199
"../../../Engine/Content/MobileResources/HUD/MobileHUDButton2_on.uasset" 200
"../../../Engine/Content/MobileResources/HUD/MobileHUDButton3.uasset" 201
"../../../Engine/Content/MobileResources/HUD/MobileHUDButtonFire.uasset" 202
"../../../Engine/Content/MobileResources/HUD/MobileHUDDirectionPad.uasset" 203
"../../../Engine/Content/MobileResources/HUD/MobileHUDDirectionPad2.uasset" 204
"../../../Engine/Content/MobileResources/HUD/MobileHUDDirectionPad3.uasset" 205
"../../../Engine/Content/MobileResources/HUD/MobileHUDDirectionStick.uasset" 206
"../../../Engine/Content/MobileResources/HUD/T_Castle_ThumbstickInner.uasset" 207
"../../../Engine/Content/MobileResources/HUD/T_Castle_ThumbstickOutter.uasset" 208
"../../../Engine/Content/Tutorial/ContentIntroCurve.uasset" 209
"../../../Engine/Content/Tutorial/Basics/LevelEditorAttract.uasset" 210
"../../../Engine/Content/VREditor/LaserPointer/VR_LaserPower_01.uasset" 211
"../../../Engine/Content/VREditor/TransformGizmo/TransformGizmoMaterial.uasset" 212
"../../../Engine/Content/VREditor/TransformGizmo/TranslucentTransformGizmoMaterial.uasset" 213
"../../../Engine/Content/VREditor/TransformGizmo/BoundingBoxCorner.uasset" 214
"../../../Engine/Content/VREditor/TransformGizmo/BoundingBoxEdge.uasset" 215
"../../../Engine/Content/VREditor/TransformGizmo/PlaneTranslationHandle.uasset" 216
"../../../Engine/Content/VREditor/TransformGizmo/Main.uasset" 217
"../../../Engine/Content/VREditor/TransformGizmo/Xray.uasset" 218
"../../../Engine/Content/VREditor/TransformGizmo/SM_Sequencer_Key.uasset" 219
"../../../Engine/Content/VREditor/TransformGizmo/SM_Sequencer_Node.uasset" 220
"../../Plugins/2D/Paper2D/Content/PlaceholderTextures/DummySpriteTexture.uasset" 221
"../../Plugins/2D/Paper2D/Content/DummySprite.uasset" 222
"../../Plugins/2D/Paper2D/Content/DefaultPaperTerrainMaterial.uasset" 223
"../../Plugins/2D/Paper2D/Content/DefaultSpriteMaterial.uasset" 224
"../../Plugins/2D/Paper2D/Content/MaskedUnlitSpriteMaterial.uasset" 225
"../../Plugins/2D/Paper2D/Content/OpaqueUnlitSpriteMaterial.uasset" 226
"../../Plugins/FX/Niagara/Content/Enums/ENiagaraBooleanLogicOps.uasset" 227
"../../Plugins/FX/Niagara/Content/Enums/ENiagaraCoordinateSpace.uasset" 228
"../../Plugins/FX/Niagara/Content/Enums/ENiagaraExpansionMode.uasset" 229
"../../Plugins/FX/Niagara/Content/Enums/ENiagaraOrientationAxis.uasset" 230
"../../Plugins/FX/Niagara/Content/Enums/ENiagaraRandomnessMode.uasset" 231
"../../../Engine/Content/Functions/Engine_MaterialFunctions02/Utility/VectorLength.uasset" 232
"../../../Engine/Content/Functions/Engine_MaterialFunctions02/WorldPositionOffset/ObjectPivotPoint.uasset" 233
"../../Plugins/Runtime/HDRIBackdrop/Content/Materials/HDRI_Attributes.uasset" 234
"../../Plugins/Runtime/HDRIBackdrop/Content/Materials/HDRI_Projection.uasset" 235
"../../Plugins/Runtime/HDRIBackdrop/Content/Materials/MI_HDRI_CameraProjection.uasset" 236
"../../Plugins/Runtime/HDRIBackdrop/Content/Materials/MI_HDRI_CenterProjection.uasset" 237
"../../Plugins/Runtime/HDRIBackdrop/Content/Meshes/EnviroDome.uasset" 238
"../../Plugins/Runtime/HDRIBackdrop/Content/Textures/approaching_storm_4k.uasset" 239
"../../Plugins/Runtime/HDRIBackdrop/Content/Blueprints/HDRIBackdrop.uasset" 240
"../../../Engine/Content/EngineSky/C_Sky_Cloud_Color.uasset" 241
"../../../Engine/Content/EngineSky/C_Sky_Horizon_Color.uasset" 242
"../../../Engine/Content/EngineSky/C_Sky_Zenith_Color.uasset" 243
"../../../Engine/Content/EngineSky/T_Sky_Blue.uasset" 244
"../../../Engine/Content/EngineSky/T_Sky_Clouds_M.uasset" 245
"../../../Engine/Content/EngineSky/T_Sky_Stars.uasset" 246
"../../../Engine/Content/EngineSky/M_Sky_Panning_Clouds2.uasset" 247
"../../../Engine/Content/EngineSky/SM_SkySphere.uasset" 248
"../../../Engine/Content/EngineSky/BP_Sky_Sphere.uasset" 249
"../../../Engine/Content/Functions/Engine_MaterialFunctions02/Texturing/ScreenAlignedPixelToPixelUVs.uasset" 250
"../../../Engine/Content/EngineMaterials/Good64x64TilingNoiseHighFreq.uasset" 251
"../../../Engine/Content/Functions/Engine_MaterialFunctions02/Utility/DitherTemporalAA.uasset" 252
"../../../../../../Users/nick/Documents/GitHub/LuxarioConfigurator/Content/3D/SKSH/Mold/Textures/T_Holes_Bottom_N.uasset" 253
"../../../../../../Users/nick/Documents/GitHub/LuxarioConfigurator/Content/3D/SKSH/Mold/Textures/T_Holes_Bottom_O.uasset" 254
"../../../../../../Users/nick/Documents/GitHub/LuxarioConfigurator/Content/3D/MeshDecals/Holes/M_Holes.uasset" 255
"../../../../../../Users/nick/Documents/GitHub/LuxarioConfigurator/Content/3D/MeshDecals/Holes/MI_Holes.uasset" 256
"../../../Engine/Content/Functions/Engine_MaterialFunctions01/Texturing/FlattenNormal.uasset" 257
"../../../Engine/Content/Functions/Engine_MaterialFunctions02/SplitComponents.uasset" 258
"../../../Engine/Content/EngineMaterials/DefaultNormal.uasset" 259
"../../../../../../Users/nick/Documents/GitHub/LuxarioConfigurator/Content/3D/SKSH/Mold/Top/tex/T_Mold_Top_AO.uasset" 260
"../../../../../../Users/nick/Documents/GitHub/LuxarioConfigurator/Content/2D/Materials/Master/M_Opaque.uasset" 261
"../../../../../../Users/nick/Documents/GitHub/LuxarioConfigurator/Content/3D/SKSH/Mold/Bottom/tex/T_Mold_Bottom_AO.uasset" 262
"../../../../../../Users/nick/Documents/GitHub/LuxarioConfigurator/Content/3D/SKSH/Mold/Bottom/tex/T_Mold_Bottom_NoHoles_N.uasset" 263
"../../../../../../Users/nick/Documents/GitHub/LuxarioConfigurator/Content/3D/SKSH/Mold/Bottom/MI_Mold_Bottom.uasset" 264
"../../../../../../Users/nick/Documents/GitHub/LuxarioConfigurator/Content/3D/SKSH/Mold/Top/tex/T_Mold_Top_NoHoles_N.uasset" 265
"../../../../../../Users/nick/Documents/GitHub/LuxarioConfigurator/Content/3D/SKSH/Mold/Top/MI_Mold_Top.uasset" 266
"../../../../../../Users/nick/Documents/GitHub/LuxarioConfigurator/Content/3D/MeshDecals/Holes/SKSH_Holes_Top_Skeleton.uasset" 267
"../../../../../../Users/nick/Documents/GitHub/LuxarioConfigurator/Content/3D/MeshDecals/Holes/SKSH_Holes_Top.uasset" 268
"../../../../../../Users/nick/Documents/GitHub/LuxarioConfigurator/Content/3D/MeshDecals/Holes/SM_Holes_Bottom.uasset" 269
"../../../../../../Users/nick/Documents/GitHub/LuxarioConfigurator/Content/3D/SKSH/Mold/Bottom/Aluminum.uasset" 270
"../../../../../../Users/nick/Documents/GitHub/LuxarioConfigurator/Content/3D/SKSH/Mold/Bottom/SKSH_Mold_Bottom_Skeleton.uasset" 271
"../../../../../../Users/nick/Documents/GitHub/LuxarioConfigurator/Content/3D/SKSH/Mold/Bottom/SKSH_Mold_Bottom.uasset" 272
"../../../../../../Users/nick/Documents/GitHub/LuxarioConfigurator/Content/3D/SKSH/Mold/Bottom/SKSH_Mold_Bottom_Rounded_Skeleton.uasset" 273
"../../../../../../Users/nick/Documents/GitHub/LuxarioConfigurator/Content/3D/SKSH/Mold/Bottom/SKSH_Mold_Bottom_Rounded.uasset" 274
"../../../../../../Users/nick/Documents/GitHub/LuxarioConfigurator/Content/3D/SKSH/Mold/Bottom/SKSH_Mold_Bottom_Sides_Skeleton.uasset" 275
"../../../../../../Users/nick/Documents/GitHub/LuxarioConfigurator/Content/3D/SKSH/Mold/Bottom/SKSH_Mold_Bottom_Sides.uasset" 276
"../../../../../../Users/nick/Documents/GitHub/LuxarioConfigurator/Content/3D/SKSH/Mold/Bottom/SKSH_Mold_Bottom_Walls_Skeleton.uasset" 277
"../../../../../../Users/nick/Documents/GitHub/LuxarioConfigurator/Content/3D/SKSH/Mold/Bottom/SKSH_Mold_Bottom_Walls.uasset" 278
"../../../../../../Users/nick/Documents/GitHub/LuxarioConfigurator/Content/3D/SKSH/Mold/Bottom/SKSH_Mold_Bottom_Walls_Rounded_Skeleton.uasset" 279
"../../../../../../Users/nick/Documents/GitHub/LuxarioConfigurator/Content/3D/SKSH/Mold/Bottom/SKSH_Mold_Bottom_Walls_Rounded.uasset" 280
"../../../../../../Users/nick/Documents/GitHub/LuxarioConfigurator/Content/3D/SKSH/Mold/Top/Aluminum.uasset" 281
"../../../../../../Users/nick/Documents/GitHub/LuxarioConfigurator/Content/3D/SKSH/Mold/Top/SKSH_Mold_Top_Skeleton.uasset" 282
"../../../../../../Users/nick/Documents/GitHub/LuxarioConfigurator/Content/3D/SKSH/Mold/Top/SKSH_Mold_Top.uasset" 283
"../../../../../../Users/nick/Documents/GitHub/LuxarioConfigurator/Content/3D/SKSH/Mold/Top/SKSH_Mold_Top_Rounded_Skeleton.uasset" 284
"../../../../../../Users/nick/Documents/GitHub/LuxarioConfigurator/Content/3D/SKSH/Mold/Top/SKSH_Mold_Top_Rounded.uasset" 285
"../../../../../../Users/nick/Documents/GitHub/LuxarioConfigurator/Content/3D/SKSH/Mold/Top/SKSH_Mold_Top_Sides_Skeleton.uasset" 286
"../../../../../../Users/nick/Documents/GitHub/LuxarioConfigurator/Content/3D/SKSH/Mold/Top/SKSH_Mold_Top_Sides.uasset" 287
"../../../../../../Users/nick/Documents/GitHub/LuxarioConfigurator/Content/3D/SKSH/Mold/Top/SKSH_Mold_Top_Walls_Skeleton.uasset" 288
"../../../../../../Users/nick/Documents/GitHub/LuxarioConfigurator/Content/3D/SKSH/Mold/Top/SKSH_Mold_Top_Walls.uasset" 289
"../../../../../../Users/nick/Documents/GitHub/LuxarioConfigurator/Content/3D/SKSH/Mold/Top/SKSH_Mold_Top_Walls_Rounded_Skeleton.uasset" 290
"../../../../../../Users/nick/Documents/GitHub/LuxarioConfigurator/Content/3D/SKSH/Mold/Top/SKSH_Mold_Top_Walls_Rounded.uasset" 291
"../../../../../../Users/nick/Documents/GitHub/LuxarioConfigurator/Content/BP/Mold/BP_Mold.uasset" 292
"../../../../../../Users/nick/Documents/GitHub/LuxarioConfigurator/Content/LVL/Testing/Test_BuiltData.uasset" 293
"../../../Engine/Content/MapTemplates/SM_Template_Map_Floor.uasset" 294
"../../../../../../Users/nick/Documents/GitHub/LuxarioConfigurator/Content/LVL/Testing/Test.umap" 295
"../../../../../../Users/nick/Documents/GitHub/LuxarioConfigurator/Content/BP/UltimateTouchComponents/Core/UTCMacroLibrary.uasset" 296
"../../../../../../Users/nick/Documents/GitHub/LuxarioConfigurator/Content/BP/UltimateTouchComponents/Core/UTCPinchDebugWidget.uasset" 297
"../../../../../../Users/nick/Documents/GitHub/LuxarioConfigurator/Content/BP/UltimateTouchComponents/Core/UTCPinchComponent.uasset" 298
"../../../../../../Users/nick/Documents/GitHub/LuxarioConfigurator/Content/BP/UltimateTouchComponents/Core/UTCSwipeToMoveComponent.uasset" 299
"../../../../../../Users/nick/Documents/GitHub/LuxarioConfigurator/Content/2D/Fonts/SofiaProLight.uasset" 300
"../../../../../../Users/nick/Documents/GitHub/LuxarioConfigurator/Content/2D/Fonts/SofiaProMedium.uasset" 301
"../../../../../../Users/nick/Documents/GitHub/LuxarioConfigurator/Content/2D/Fonts/SofiaProRegular.uasset" 302
"../../../../../../Users/nick/Documents/GitHub/LuxarioConfigurator/Content/2D/Fonts/SofiaProSemiBold.uasset" 303
"../../../../../../Users/nick/Documents/GitHub/LuxarioConfigurator/Content/2D/Fonts/SofiaPro_Font.uasset" 304
"../../../../../../Users/nick/Documents/GitHub/LuxarioConfigurator/Content/2D/Materials/UI/MI/NavBar/MI_Adjust_Slider_BG.uasset" 305
"../../../../../../Users/nick/Documents/GitHub/LuxarioConfigurator/Content/2D/Materials/UI/MI/NavBar/MI_Adjust_Slider_Thumb.uasset" 306
"../../../../../../Users/nick/Documents/GitHub/LuxarioConfigurator/Content/2D/Materials/UI/MI/NavBar/MI_NavBar_Adjust.uasset" 307
"../../../../../../Users/nick/Documents/GitHub/LuxarioConfigurator/Content/2D/Materials/UI/MI/NavBar/MI_NavBar_BG.uasset" 308
"../../../../../../Users/nick/Documents/GitHub/LuxarioConfigurator/Content/2D/UI/Mold/MoldVisibility_Both_Closed.uasset" 309
"../../../../../../Users/nick/Documents/GitHub/LuxarioConfigurator/Content/2D/UI/Mold/MoldVisibility_Both_Open.uasset" 310
"../../../../../../Users/nick/Documents/GitHub/LuxarioConfigurator/Content/2D/UI/Mold/MoldVisibility_Bottom.uasset" 311
"../../../../../../Users/nick/Documents/GitHub/LuxarioConfigurator/Content/2D/UI/Mold/MoldVisibility_Top.uasset" 312
"../../../../../../Users/nick/Documents/GitHub/LuxarioConfigurator/Content/2D/UI/NavBar/Adjust.uasset" 313
"../../../../../../Users/nick/Documents/GitHub/LuxarioConfigurator/Content/2D/UI/NavBar/Back.uasset" 314
"../../../../../../Users/nick/Documents/GitHub/LuxarioConfigurator/Content/2D/UI/NavBar/Checkmark.uasset" 315
"../../../../../../Users/nick/Documents/GitHub/LuxarioConfigurator/Content/2D/UI/NavBar/Inquire.uasset" 316
"../../../../../../Users/nick/Documents/GitHub/LuxarioConfigurator/Content/2D/UI/NavBar/Settings.uasset" 317
"../../../../../../Users/nick/Documents/GitHub/LuxarioConfigurator/Content/BP/Enum/E_AdjustmentType.uasset" 318
"../../../../../../Users/nick/Documents/GitHub/LuxarioConfigurator/Content/2D/Materials/UI/MI/NavBar/MI_Adjust_BG.uasset" 319
"../../../../../../Users/nick/Documents/GitHub/LuxarioConfigurator/Content/2D/UI/NavBar/Arch.uasset" 320
"../../../../../../Users/nick/Documents/GitHub/LuxarioConfigurator/Content/2D/UI/NavBar/Concave.uasset" 321
"../../../../../../Users/nick/Documents/GitHub/LuxarioConfigurator/Content/2D/UI/NavBar/Concave_Width.uasset" 322
"../../../../../../Users/nick/Documents/GitHub/LuxarioConfigurator/Content/2D/UI/NavBar/Dips.uasset" 323
"../../../../../../Users/nick/Documents/GitHub/LuxarioConfigurator/Content/2D/UI/NavBar/Kicks.uasset" 324
"../../../../../../Users/nick/Documents/GitHub/LuxarioConfigurator/Content/2D/UI/NavBar/Rounded_Concave.uasset" 325
"../../../../../../Users/nick/Documents/GitHub/LuxarioConfigurator/Content/2D/UI/NavBar/Squared_Concave.uasset" 326
"../../../../../../Users/nick/Documents/GitHub/LuxarioConfigurator/Content/BP/UI/BP_UI_AdjustmentButton.uasset" 327
"../../../../../../Users/nick/Documents/GitHub/LuxarioConfigurator/Content/BP/UI/BP_UI_Main.uasset" 328
"../../../../../../Users/nick/Documents/GitHub/LuxarioConfigurator/Content/BP/Pawn/Pawn.uasset" 329
"../../../../../../Users/nick/Documents/GitHub/LuxarioConfigurator/Content/LVL/Main/Main_BuiltData.uasset" 330
"../../../../../../Users/nick/Documents/GitHub/LuxarioConfigurator/Content/2D/Materials/Basic/Backdrop/M_Backdrop.uasset" 331
"../../../../../../Users/nick/Documents/GitHub/LuxarioConfigurator/Content/2D/Materials/Basic/Backdrop/MI_Backdrop.uasset" 332
"../../../../../../Users/nick/Documents/GitHub/LuxarioConfigurator/Content/2D/HDRI/simple_3point_a.uasset" 333
"../../../Engine/Content/EditorMaterials/Thumbnails/SkySphereMaterial.uasset" 334
"../../../../../../Users/nick/Documents/GitHub/LuxarioConfigurator/Content/3D/Backdrop/SM_HDRI_Backdrop.uasset" 335
"../../../../../../Users/nick/Documents/GitHub/LuxarioConfigurator/Content/LVL/Main/Main.umap" 336
"../../../Engine/Content/Maps/Entry_BuiltData.uasset" 337
"../../../Engine/Content/Maps/Entry.umap" 338
